{
  "RSpec": {
    "coverage": {
      "/Users/Wilson/turing/2module/tests/final_b2_2005/config/environment.rb": {
        "lines": [
          null,
          1,
          null,
          null,
          1
        ]
      },
      "/Users/Wilson/turing/2module/tests/final_b2_2005/config/application.rb": {
        "lines": [
          1,
          null,
          1,
          null,
          1,
          1,
          1,
          1,
          1,
          1,
          1,
          1,
          null,
          null,
          null,
          null,
          1,
          null,
          1,
          1,
          null,
          1,
          null,
          null,
          null,
          null,
          null,
          null,
          1,
          null,
          null
        ]
      },
      "/Users/Wilson/turing/2module/tests/final_b2_2005/config/boot.rb": {
        "lines": [
          1,
          null,
          1
        ]
      },
      "/Users/Wilson/turing/2module/tests/final_b2_2005/config/environments/test.rb": {
        "lines": [
          1,
          null,
          null,
          null,
          null,
          null,
          null,
          1,
          null,
          null,
          null,
          null,
          1,
          null,
          null,
          1,
          1,
          null,
          null,
          null,
          null,
          1,
          1,
          null,
          null,
          1,
          null,
          null,
          1,
          1,
          null,
          null,
          null,
          null,
          1,
          null,
          null,
          1,
          null,
          null,
          null,
          null
        ]
      },
      "/Users/Wilson/turing/2module/tests/final_b2_2005/config/initializers/application_controller_renderer.rb": {
        "lines": [
          null,
          null,
          null,
          null,
          null,
          null,
          null,
          null
        ]
      },
      "/Users/Wilson/turing/2module/tests/final_b2_2005/config/initializers/assets.rb": {
        "lines": [
          null,
          null,
          null,
          1,
          null,
          null,
          null,
          null,
          1,
          null,
          null,
          null,
          null,
          null
        ]
      },
      "/Users/Wilson/turing/2module/tests/final_b2_2005/config/initializers/backtrace_silencers.rb": {
        "lines": [
          null,
          null,
          null,
          null,
          null,
          null,
          null
        ]
      },
      "/Users/Wilson/turing/2module/tests/final_b2_2005/config/initializers/cookies_serializer.rb": {
        "lines": [
          null,
          null,
          null,
          null,
          1
        ]
      },
      "/Users/Wilson/turing/2module/tests/final_b2_2005/config/initializers/filter_parameter_logging.rb": {
        "lines": [
          null,
          null,
          null,
          1
        ]
      },
      "/Users/Wilson/turing/2module/tests/final_b2_2005/config/initializers/inflections.rb": {
        "lines": [
          null,
          null,
          null,
          null,
          null,
          null,
          null,
          null,
          null,
          null,
          null,
          null,
          null,
          null,
          null,
          null
        ]
      },
      "/Users/Wilson/turing/2module/tests/final_b2_2005/config/initializers/mime_types.rb": {
        "lines": [
          null,
          null,
          null,
          null
        ]
      },
      "/Users/Wilson/turing/2module/tests/final_b2_2005/config/initializers/wrap_parameters.rb": {
        "lines": [
          null,
          null,
          null,
          null,
          null,
          null,
          1,
          2,
          null,
          null,
          null,
          null,
          null,
          null
        ]
      },
      "/Users/Wilson/turing/2module/tests/final_b2_2005/config/routes.rb": {
        "lines": [
          1,
          1,
          1,
          1,
          null
        ]
      },
      "/Users/Wilson/turing/2module/tests/final_b2_2005/app/helpers/application_helper.rb": {
        "lines": [
          1,
          null
        ]
      },
      "/Users/Wilson/turing/2module/tests/final_b2_2005/spec/features/passengers/assign_passenger_to_a_flight_spec.rb": {
        "lines": [
          1,
          1,
          1,
          2,
          null,
          2,
          2,
          null,
          null,
          2,
          2,
          null,
          2,
          2,
          2,
          null,
          null,
          1,
          1,
          1,
          null,
          1,
          null,
          null,
          1,
          1,
          null,
          1,
          1,
          null,
          1,
          null,
          1,
          null,
          null,
          null
        ]
      },
      "/Users/Wilson/turing/2module/tests/final_b2_2005/spec/features/passengers/show_spec.rb": {
        "lines": [
          1,
          1,
          1,
          2,
          null,
          2,
          2,
          null,
          null,
          2,
          2,
          null,
          2,
          2,
          2,
          null,
          null,
          1,
          1,
          1,
          null,
          1,
          null,
          null,
          1,
          1,
          null,
          1,
          1,
          null,
          null,
          null
        ]
      },
      "/Users/Wilson/turing/2module/tests/final_b2_2005/spec/models/airline_spec.rb": {
        "lines": [
          1,
          null,
          1,
          null,
          1,
          2,
          null,
          null
        ]
      },
      "/Users/Wilson/turing/2module/tests/final_b2_2005/app/models/airline.rb": {
        "lines": [
          1,
          1,
          null
        ]
      },
      "/Users/Wilson/turing/2module/tests/final_b2_2005/app/models/application_record.rb": {
        "lines": [
          1,
          1,
          null
        ]
      },
      "/Users/Wilson/turing/2module/tests/final_b2_2005/spec/models/flight_spec.rb": {
        "lines": [
          1,
          null,
          1,
          1,
          2,
          2,
          null,
          null,
          1,
          1,
          1,
          null,
          1,
          1,
          null,
          null,
          1,
          1,
          null,
          1,
          1,
          1,
          null,
          null,
          1,
          1,
          null,
          null,
          null
        ]
      },
      "/Users/Wilson/turing/2module/tests/final_b2_2005/app/models/flight.rb": {
        "lines": [
          1,
          null,
          1,
          1,
          1,
          null,
          1,
          18,
          6,
          null,
          null
        ]
      },
      "/Users/Wilson/turing/2module/tests/final_b2_2005/spec/models/passenger_flight_spec.rb": {
        "lines": [
          1,
          null,
          1,
          1,
          2,
          2,
          null,
          null
        ]
      },
      "/Users/Wilson/turing/2module/tests/final_b2_2005/app/models/passenger_flight.rb": {
        "lines": [
          1,
          null,
          1,
          1,
          1,
          null
        ]
      },
      "/Users/Wilson/turing/2module/tests/final_b2_2005/spec/models/passenger_spec.rb": {
        "lines": [
          1,
          null,
          1,
          1,
          2,
          2,
          null,
          null,
          1,
          1,
          2,
          null,
          2,
          2,
          null,
          null,
          2,
          2,
          null,
          2,
          2,
          2,
          null,
          1,
          1,
          null,
          null,
          1,
          1,
          null,
          null,
          null
        ]
      },
      "/Users/Wilson/turing/2module/tests/final_b2_2005/app/models/passenger.rb": {
        "lines": [
          1,
          1,
          1,
          null,
          1,
          6,
          null,
          null,
          1,
          6,
          null,
          null
        ]
      },
      "/Users/Wilson/turing/2module/tests/final_b2_2005/app/controllers/flights_controller.rb": {
        "lines": [
          1,
          1,
          5,
          null,
          null
        ]
      },
      "/Users/Wilson/turing/2module/tests/final_b2_2005/app/controllers/application_controller.rb": {
        "lines": [
          1,
          1,
          null
        ]
      },
      "/Users/Wilson/turing/2module/tests/final_b2_2005/app/controllers/passengers_controller.rb": {
        "lines": [
          1,
          null,
          1,
          5,
          null,
          null
        ]
      },
      "/Users/Wilson/turing/2module/tests/final_b2_2005/app/controllers/passenger_flights_controller.rb": {
        "lines": [
          1,
          null,
          1,
          1,
          1,
          1,
          1,
          0,
          null,
          1,
          null,
          null
        ]
      }
    },
    "timestamp": 1596477500
  }
}
